
C:\Development\GitHub\Python>REM check all python learning projects with mypy 

C:\Development\GitHub\Python>REM 2022-03-03 PV 

C:\Development\GitHub\Python>cd C:\Development\GitHub\Python\Learning 

C:\Development\GitHub\Python\Learning>for / %f in (*.*) DO (
pushd %f  
 mypy .  
 popd
) 

C:\Development\GitHub\Python\Learning>(
pushd 001_pip_update_all  
 mypy .  
 popd
) 
Success: no issues found in 1 source file

C:\Development\GitHub\Python\Learning>(
pushd 002_Now_10_times  
 mypy .  
 popd
) 
Success: no issues found in 1 source file

C:\Development\GitHub\Python\Learning>(
pushd 003_Write_log  
 mypy .  
 popd
) 
Success: no issues found in 1 source file

C:\Development\GitHub\Python\Learning>(
pushd 004_ReadFile  
 mypy .  
 popd
) 
Success: no issues found in 1 source file

C:\Development\GitHub\Python\Learning>(
pushd 005_Functions  
 mypy .  
 popd
) 
Success: no issues found in 2 source files

C:\Development\GitHub\Python\Learning>(
pushd 006_Hangman  
 mypy .  
 popd
) 
Success: no issues found in 1 source file

C:\Development\GitHub\Python\Learning>(
pushd 007_Dictionaries_and_Sets  
 mypy .  
 popd
) 
07 Sets.py:9: error: Need type annotation for "Ø" (hint: "Ø: Set[<type>] = ...")
07 Dictionaries.py:81: error: Need type annotation for "dd"
Found 2 errors in 2 files (checked 4 source files)

C:\Development\GitHub\Python\Learning>(
pushd 008_Tuples  
 mypy .  
 popd
) 
Success: no issues found in 1 source file

C:\Development\GitHub\Python\Learning>(
pushd 009_Exceptions  
 mypy .  
 popd
) 
Success: no issues found in 1 source file

C:\Development\GitHub\Python\Learning>(
pushd 010_Numbers_and_Random  
 mypy .  
 popd
) 
Rand.py:16: error: Name "np" already defined on line 10
Rand.py:18: error: "int" has no attribute "mean"
Rand.py:19: error: "int" has no attribute "mean"
Rand.py:21: error: "int" has no attribute "std"
Rand.py:22: error: "int" has no attribute "std"
Found 5 errors in 1 file (checked 2 source files)

C:\Development\GitHub\Python\Learning>(
pushd 011_Strings  
 mypy .  
 popd
) 
lecture2.py:37: error: Incompatible types in assignment (expression has type "float", variable has type "str")
lecture2.py:38: error: Incompatible types in string interpolation (expression has type "str", placeholder has type "Union[int, float]")
Found 2 errors in 1 file (checked 2 source files)

C:\Development\GitHub\Python\Learning>(
pushd 012_Lists  
 mypy .  
 popd
) 
Success: no issues found in 1 source file

C:\Development\GitHub\Python\Learning>(
pushd 013_Arrays  
 mypy .  
 popd
) 
Success: no issues found in 1 source file

C:\Development\GitHub\Python\Learning>(
pushd 014_Drawing_tk  
 mypy .  
 popd
) 
Success: no issues found in 1 source file

C:\Development\GitHub\Python\Learning>(
pushd 015_is_prime  
 mypy .  
 popd
) 
Success: no issues found in 1 source file

C:\Development\GitHub\Python\Learning>(
pushd 016_Permutations  
 mypy .  
 popd
) 
Success: no issues found in 3 source files

C:\Development\GitHub\Python\Learning>(
pushd 017_Function_Definitions  
 mypy .  
 popd
) 
FunctionDefinitions.py:87: error: Incompatible types in assignment (expression has type "List[int]", variable has type "filter[int]")
FunctionDefinitions.py:88: error: Incompatible types in assignment (expression has type "range", variable has type "filter[int]")
FunctionDefinitions.py:116: error: Incompatible types in assignment (expression has type "int", variable has type "List[int]")
Found 3 errors in 1 file (checked 1 source file)

C:\Development\GitHub\Python\Learning>(
pushd 018_Classes  
 mypy .  
 popd
) 
Success: no issues found in 2 source files

C:\Development\GitHub\Python\Learning>(
pushd 019_Rename_New_Scientist  
 mypy .  
 popd
) 
NS.py:21: error: Invalid index type "Union[str, int]" for "Dict[str, str]"; expected type "str"
NS.py:22: error: Argument 1 to "len" has incompatible type "Union[str, int]"; expected "Sized"
NS.py:22: error: Unsupported operand types for + ("str" and "int")
NS.py:22: note: Right operand is of type "Union[str, int]"
NS.py:23: error: Unsupported operand types for + ("str" and "int")
NS.py:23: note: Right operand is of type "Union[str, int]"
Found 4 errors in 1 file (checked 1 source file)

C:\Development\GitHub\Python\Learning>(
pushd 020_Fib  
 mypy .  
 popd
) 
Success: no issues found in 2 source files

C:\Development\GitHub\Python\Learning>(
pushd 021_Roots_with_Integers  
 mypy .  
 popd
) 
Success: no issues found in 1 source file

C:\Development\GitHub\Python\Learning>(
pushd 022_Multiplication_Parity  
 mypy .  
 popd
) 
Parité_Multiplication.py:23: error: Incompatible types in assignment (expression has type "int", variable has type "str")
Parité_Multiplication.py:24: error: No overload variant of "__getitem__" of "list" matches argument type "str"
Parité_Multiplication.py:24: note: Possible overload variants:
Parité_Multiplication.py:24: note:     def __getitem__(self, SupportsIndex) -> int
Parité_Multiplication.py:24: note:     def __getitem__(self, slice) -> List[int]
Parité_Multiplication.py:24: error: No overload variant of "__setitem__" of "list" matches argument types "str", "Any"
Parité_Multiplication.py:24: note:     def __setitem__(self, SupportsIndex, int) -> None
Parité_Multiplication.py:24: note:     def __setitem__(self, slice, Iterable[int]) -> None
Parité_Multiplication.py:31: error: Incompatible types in assignment (expression has type "Dict[int, int]", variable has type "str")
Parité_Multiplication.py:43: error: Skipping analyzing "scipy.stats": module is installed, but missing library stubs or py.typed marker
Parité_Multiplication.py:43: note: See https://mypy.readthedocs.io/en/stable/running_mypy.html#missing-imports
Found 5 errors in 1 file (checked 1 source file)

C:\Development\GitHub\Python\Learning>(
pushd 023_Lists_and_Related  
 mypy .  
 popd
) 
Lists_and_related.py:48: error: Need type annotation for "my_list" (hint: "my_list: List[<type>] = ...")
Found 1 error in 1 file (checked 1 source file)

C:\Development\GitHub\Python\Learning>(
pushd 024_Folders  
 mypy .  
 popd
) 
Success: no issues found in 1 source file

C:\Development\GitHub\Python\Learning>(
pushd 025_Factorization_Wheel_efficiency  
 mypy .  
 popd
) 
Success: no issues found in 1 source file

C:\Development\GitHub\Python\Learning>(
pushd 026_Built-in_Functions  
 mypy .  
 popd
) 
Success: no issues found in 1 source file

C:\Development\GitHub\Python\Learning>(
pushd 027_Console_Unicode  
 mypy .  
 popd
) 
Success: no issues found in 2 source files

C:\Development\GitHub\Python\Learning>(
pushd 028_Check_Queneau  
 mypy .  
 popd
) 
Success: no issues found in 1 source file

C:\Development\GitHub\Python\Learning>(
pushd 029_Music_Files_Comparer  
 mypy .  
 popd
) 
MusicFilesComparer.py:18: error: Incompatible types in assignment (expression has type "List[int]", variable has type "str")
MusicFilesComparer.py:30: error: Unsupported operand types for + ("int" and "str")
MusicFilesComparer.py:30: note: Left operand is of type "Union[Any, int]"
MusicFilesComparer.py:44: error: Unsupported operand types for + ("int" and "str")
MusicFilesComparer.py:44: note: Left operand is of type "Union[Any, int]"
MusicFilesComparer.py:52: error: Unsupported operand types for + ("int" and "str")
MusicFilesComparer.py:52: note: Left operand is of type "Union[Any, int]"
Found 4 errors in 1 file (checked 1 source file)

C:\Development\GitHub\Python\Learning>(
pushd 030_Compte_Chanteurs  
 mypy .  
 popd
) 
CompteChanteurs.py:12: error: Incompatible types in assignment (expression has type "List[int]", variable has type "str")
CompteChanteurs.py:18: error: Need type annotation for "dicChanteurs" (hint: "dicChanteurs: Dict[<type>, <type>] = ...")
Found 2 errors in 1 file (checked 1 source file)

C:\Development\GitHub\Python\Learning>(
pushd 031_Trie_France_Gall  
 mypy .  
 popd
) 
TrieFranceGall\TrieFranceGall.py:14: error: Argument 2 to "join" has incompatible type "Union[str, int]"; expected "Union[str, PathLike[str]]"
TrieFranceGall\TrieFranceGall.py:14: error: Unsupported operand types for + ("int" and "str")
TrieFranceGall\TrieFranceGall.py:14: note: Left operand is of type "Union[str, int]"
TrieFranceGall\TrieFranceGall.py:16: error: Argument 2 to "join" has incompatible type "Union[str, int]"; expected "Union[str, PathLike[str]]"
TrieFranceGall\TrieFranceGall.py:19: error: Argument 2 to "join" has incompatible type "Union[str, int]"; expected "Union[str, PathLike[str]]"
TrieFranceGall\TrieFranceGall.py:19: error: Unsupported operand types for + ("int" and "str")
TrieFranceGall\TrieFranceGall.py:19: note: Left operand is of type "Union[str, int]"
TrieFranceGall\TrieFranceGall.py:19: error: Unsupported operand types for + ("str" and "int")
TrieFranceGall\TrieFranceGall.py:19: note: Right operand is of type "Union[str, int]"
TrieFranceGall\TrieFranceGall.py:21: error: Unsupported operand types for + ("str" and "int")
TrieFranceGall\TrieFranceGall.py:21: note: Right operand is of type "Union[str, int]"
Found 7 errors in 1 file (checked 1 source file)

C:\Development\GitHub\Python\Learning>(
pushd 032_Multiplication_rapide  
 mypy .  
 popd
) 
Success: no issues found in 3 source files

C:\Development\GitHub\Python\Learning>(
pushd 033_Eliza  
 mypy .  
 popd
) 
Success: no issues found in 1 source file

C:\Development\GitHub\Python\Learning>(
pushd 034_Json_in_Python  
 mypy .  
 popd
) 
Success: no issues found in 1 source file

C:\Development\GitHub\Python\Learning>(
pushd 035_Static_Class_Instance_Methods  
 mypy .  
 popd
) 
Success: no issues found in 1 source file

C:\Development\GitHub\Python\Learning>(
pushd 036_Pi_huitiŠme_de_cercle  
 mypy .  
 popd
) 
Success: no issues found in 1 source file

C:\Development\GitHub\Python\Learning>(
pushd 037_Pi_nombres_Euler  
 mypy .  
 popd
) 
Success: no issues found in 1 source file

C:\Development\GitHub\Python\Learning>(
pushd 038_Quatuor  
 mypy .  
 popd
) 
quatuor.py:60: error: Need type annotation for "solutions" (hint: "solutions: List[<type>] = ...")
Found 1 error in 1 file (checked 1 source file)

C:\Development\GitHub\Python\Learning>(
pushd 039_Pi_compte-gouttes  
 mypy .  
 popd
) 
Success: no issues found in 1 source file

C:\Development\GitHub\Python\Learning>(
pushd 040_Data_Containers  
 mypy .  
 popd
) 
DataContainers.py:58: error: Argument 1 to "append" of "deque" has incompatible type "float"; expected "int"
DataContainers.py:59: error: Argument 1 to "appendleft" of "deque" has incompatible type "float"; expected "int"
Found 2 errors in 1 file (checked 1 source file)

C:\Development\GitHub\Python\Learning>(
pushd 041_Unicode  
 mypy .  
 popd
) 
Success: no issues found in 2 source files

C:\Development\GitHub\Python\Learning>(
pushd 042_Type_annotations  
 mypy .  
 popd
) 
ano.py:73: error: Argument 1 to "get_first_name" has incompatible type "Dict[str, str]"; expected "str"
ano.py:74: error: Unrecognized option: ano.py:73: error: argument 1 to get_first_name has incompatible type dict[str, str]; expected str = True
ano.py:105: error: Unsupported operand types for + ("str" and "int")
ano.py:105: error: Unsupported operand types for + ("int" and "str")
ano.py:105: note: Both left and right operands are unions
ano.py:106: error: Unrecognized option: ano.py:104: error: unsupported operand types for + (str and int) = True
ano.py:107: error: Unrecognized option: ano.py:104: error: unsupported operand types for + (int and str) = True
ano.py:108: error: Unrecognized option: ano.py:104: note: both left and right operands are unions = True
ano.py:112: error: Argument 1 to "triple" has incompatible type "float"; expected "Union[str, int]"
ano.py:113: error: Unrecognized option: ano.py:109: error: argument 1 to triple has incompatible type float; expected union[str, int] = True
Found 9 errors in 1 file (checked 2 source files)

C:\Development\GitHub\Python\Learning>(
pushd 043_Regulax_Expressions_re  
 mypy .  
 popd
) 
Success: no issues found in 1 source file

C:\Development\GitHub\Python\Learning>(
pushd 044_Indexeur_texte  
 mypy .  
 popd
) 
Success: no issues found in 1 source file

C:\Development\GitHub\Python\Learning>(
pushd 045_DUCET_sorting  
 mypy .  
 popd
) 
Success: no issues found in 1 source file

C:\Development\GitHub\Python\Learning>(
pushd 046_Itertools  
 mypy .  
 popd
) 
it.py:211: error: Name "pairwise" already defined (possibly by an import)
Found 1 error in 1 file (checked 2 source files)

C:\Development\GitHub\Python\Learning>(
pushd 047_Check_Books_Editors  
 mypy .  
 popd
) 
Success: no issues found in 1 source file

C:\Development\GitHub\Python\Learning>(
pushd 048_Context_Manager  
 mypy .  
 popd
) 
Success: no issues found in 1 source file

C:\Development\GitHub\Python\Learning>(
pushd 049_Decorators  
 mypy .  
 popd
) 
Success: no issues found in 2 source files

C:\Development\GitHub\Python\Learning>(
pushd 050_StringBuilder  
 mypy .  
 popd
) 
Success: no issues found in 1 source file

C:\Development\GitHub\Python\Learning>(
pushd 051_Queues  
 mypy .  
 popd
) 
Success: no issues found in 1 source file

C:\Development\GitHub\Python\Learning>(
pushd 052_Str_and_Byte  
 mypy .  
 popd
) 
Success: no issues found in 1 source file

C:\Development\GitHub\Python\Learning>(
pushd 053_Functions  
 mypy .  
 popd
) 
functions.py:22: error: "Callable[[int], int]" has no attribute "author"
functions.py:23: error: "Callable[[int], int]" has no attribute "datewritten"
functions.py:96: error: "Callable[[int, Any, str, bool, VarArg(Any), DefaultNamedArg(Any, 'z'), KwArg(Any)], Any]" has no attribute "__defaults__"
functions.py:97: error: "Callable[[int, Any, str, bool, VarArg(Any), DefaultNamedArg(Any, 'z'), KwArg(Any)], Any]" has no attribute "__kwdefaults__"
Found 4 errors in 1 file (checked 1 source file)

C:\Development\GitHub\Python\Learning>(
pushd 054_Fragile_base_class  
 mypy .  
 popd
) 
Success: no issues found in 1 source file

C:\Development\GitHub\Python\Learning>(
pushd 055_Send_values_to_generator  
 mypy .  
 popd
) 
Success: no issues found in 1 source file

C:\Development\GitHub\Python\Learning>(
pushd 056_Copy_and_deepcopy  
 mypy .  
 popd
) 
Success: no issues found in 1 source file

C:\Development\GitHub\Python\Learning>(
pushd 057_Dynamic_class  
 mypy .  
 popd
) 
Success: no issues found in 1 source file

C:\Development\GitHub\Python\Learning>(
pushd 058_Timeit  
 mypy .  
 popd
) 
Success: no issues found in 1 source file

C:\Development\GitHub\Python\Learning>(
pushd 059_Concurrency  
 mypy .  
 popd
) 
conc.py:11: error: Library stubs not installed for "requests" (or incompatible with Python 3.10)
conc.py:11: note: Hint: "python3 -m pip install types-requests"
conc.py:11: note: (or run "mypy --install-types" to install all missing stub packages)
conc.py:11: note: See https://mypy.readthedocs.io/en/stable/running_mypy.html#missing-imports
conc.py:75: error: Cannot find implementation or library stub for module named "aiohttp"
Found 2 errors in 1 file (checked 1 source file)

C:\Development\GitHub\Python\Learning>(
pushd 060_Linear_Programming  
 mypy .  
 popd
) 
lpregime.py:15: error: Cannot find implementation or library stub for module named "pulp"
lpregime.py:15: note: See https://mypy.readthedocs.io/en/stable/running_mypy.html#missing-imports
Found 1 error in 1 file (checked 2 source files)

C:\Development\GitHub\Python\Learning>(
pushd 061_Firing_Squad  
 mypy .  
 popd
) 
Success: no issues found in 1 source file

C:\Development\GitHub\Python\Learning>(
pushd 062_Copy_Goldwave_missing_files  
 mypy .  
 popd
) 
Success: no issues found in 1 source file

C:\Development\GitHub\Python\Learning>(
pushd 063_Print_and_Co  
 mypy .  
 popd
) 
testprint.py:62: error: Library stubs not installed for "termcolor" (or incompatible with Python 3.10)
testprint.py:62: note: Hint: "python3 -m pip install types-termcolor"
testprint.py:62: note: (or run "mypy --install-types" to install all missing stub packages)
testprint.py:62: note: See https://mypy.readthedocs.io/en/stable/running_mypy.html#missing-imports
Found 1 error in 1 file (checked 5 source files)

C:\Development\GitHub\Python\Learning>(
pushd 064_OpenWeatherMap  
 mypy .  
 popd
) 
weather.py:7: error: Library stubs not installed for "requests" (or incompatible with Python 3.10)
weather.py:7: note: Hint: "python3 -m pip install types-requests"
weather.py:7: note: (or run "mypy --install-types" to install all missing stub packages)
weather.py:7: note: See https://mypy.readthedocs.io/en/stable/running_mypy.html#missing-imports
Found 1 error in 1 file (checked 1 source file)

C:\Development\GitHub\Python\Learning>(
pushd 065_Color_Addict  
 mypy .  
 popd
) 
Success: no issues found in 1 source file

C:\Development\GitHub\Python\Learning>(
pushd 066_Crop_Scans  
 mypy .  
 popd
) 
weight.py:1: error: Skipping analyzing "matplotlib.pyplot": module is installed, but missing library stubs or py.typed marker
weight.py:1: error: Skipping analyzing "matplotlib": module is installed, but missing library stubs or py.typed marker
weight.py:2: error: Skipping analyzing "matplotlib.image": module is installed, but missing library stubs or py.typed marker
weight.py:4: error: Skipping analyzing "scipy.signal": module is installed, but missing library stubs or py.typed marker
croppic.py:3: error: Skipping analyzing "matplotlib.pyplot": module is installed, but missing library stubs or py.typed marker
croppic.py:3: error: Skipping analyzing "matplotlib": module is installed, but missing library stubs or py.typed marker
croppic.py:4: error: Skipping analyzing "matplotlib.image": module is installed, but missing library stubs or py.typed marker
croppic.py:6: error: Skipping analyzing "scipy.signal": module is installed, but missing library stubs or py.typed marker
crophautbas.py:4: error: Skipping analyzing "matplotlib.image": module is installed, but missing library stubs or py.typed marker
crophautbas.py:4: note: See https://mypy.readthedocs.io/en/stable/running_mypy.html#missing-imports
crophautbas.py:4: error: Skipping analyzing "matplotlib": module is installed, but missing library stubs or py.typed marker
Found 10 errors in 3 files (checked 3 source files)

C:\Development\GitHub\Python\Learning>(
pushd 067_Align_Pages  
 mypy .  
 popd
) 
f1.py:1: error: Skipping analyzing "matplotlib.image": module is installed, but missing library stubs or py.typed marker
f1.py:1: error: Skipping analyzing "matplotlib": module is installed, but missing library stubs or py.typed marker
crophz1.py:5: error: Skipping analyzing "matplotlib.image": module is installed, but missing library stubs or py.typed marker
crophz1.py:5: error: Skipping analyzing "matplotlib": module is installed, but missing library stubs or py.typed marker
DetectYellow3.py:1: error: Skipping analyzing "matplotlib.image": module is installed, but missing library stubs or py.typed marker
DetectYellow3.py:1: error: Skipping analyzing "matplotlib": module is installed, but missing library stubs or py.typed marker
DetectYellow3.py:2: error: Skipping analyzing "matplotlib.pyplot": module is installed, but missing library stubs or py.typed marker
DetectYellow2.py:2: error: Skipping analyzing "matplotlib.pyplot": module is installed, but missing library stubs or py.typed marker
DetectYellow2.py:2: error: Skipping analyzing "matplotlib": module is installed, but missing library stubs or py.typed marker
DetectYellow2.py:3: error: Skipping analyzing "matplotlib.image": module is installed, but missing library stubs or py.typed marker
DetectYellow2.py:5: error: Skipping analyzing "scipy": module is installed, but missing library stubs or py.typed marker
DetectYellow1.py:1: error: Skipping analyzing "matplotlib.pyplot": module is installed, but missing library stubs or py.typed marker
DetectYellow1.py:1: error: Skipping analyzing "matplotlib": module is installed, but missing library stubs or py.typed marker
DetectYellow1.py:2: error: Skipping analyzing "matplotlib.image": module is installed, but missing library stubs or py.typed marker
DetectYellow1.py:4: error: Skipping analyzing "scipy": module is installed, but missing library stubs or py.typed marker
AverageColor.py:1: error: Skipping analyzing "matplotlib.pyplot": module is installed, but missing library stubs or py.typed marker
AverageColor.py:1: note: See https://mypy.readthedocs.io/en/stable/running_mypy.html#missing-imports
AverageColor.py:1: error: Skipping analyzing "matplotlib": module is installed, but missing library stubs or py.typed marker
AverageColor.py:2: error: Skipping analyzing "matplotlib.image": module is installed, but missing library stubs or py.typed marker
AverageColor.py:4: error: Skipping analyzing "scipy.signal": module is installed, but missing library stubs or py.typed marker
Found 19 errors in 6 files (checked 6 source files)

C:\Development\GitHub\Python\Learning>(
pushd 068_Deskew  
 mypy .  
 popd
) 
rotatebloc.py:1: error: Cannot find implementation or library stub for module named "skimage.io"
rotatebloc.py:2: error: Cannot find implementation or library stub for module named "skimage.transform"
rotatebloc.py:3: error: Cannot find implementation or library stub for module named "skimage"
rotatebloc.py:4: error: Skipping analyzing "matplotlib.pyplot": module is installed, but missing library stubs or py.typed marker
rotatebloc.py:4: error: Skipping analyzing "matplotlib": module is installed, but missing library stubs or py.typed marker
rotatebloc.py:12: error: Cannot find implementation or library stub for module named "skimage.filters"
rotatebloc.py:52: error: Incompatible types in assignment (expression has type "float", variable has type "int")
rotate_and_normalize1.py:6: error: Skipping analyzing "matplotlib.pyplot": module is installed, but missing library stubs or py.typed marker
rotate_and_normalize1.py:6: error: Skipping analyzing "matplotlib": module is installed, but missing library stubs or py.typed marker
rotate_and_normalize1.py:9: error: Skipping analyzing "scipy": module is installed, but missing library stubs or py.typed marker
rotate_and_normalize1.py:10: error: Cannot find implementation or library stub for module named "skimage"
rotate_and_normalize1.py:10: error: Cannot find implementation or library stub for module named "skimage.io"
rotate_and_normalize1.py:10: error: Cannot find implementation or library stub for module named "skimage.transform"
rotate_and_normalize1.py:78: error: Incompatible types in assignment (expression has type "float", variable has type "int")
rotate_and_countcolumns.py:6: error: Skipping analyzing "matplotlib.pyplot": module is installed, but missing library stubs or py.typed marker
rotate_and_countcolumns.py:6: error: Skipping analyzing "matplotlib": module is installed, but missing library stubs or py.typed marker
rotate_and_countcolumns.py:9: error: Skipping analyzing "scipy": module is installed, but missing library stubs or py.typed marker
rotate_and_countcolumns.py:10: error: Cannot find implementation or library stub for module named "skimage"
rotate_and_countcolumns.py:11: error: Cannot find implementation or library stub for module named "skimage.io"
rotate_and_countcolumns.py:12: error: Cannot find implementation or library stub for module named "skimage.transform"
deskew2.py:2: error: Cannot find implementation or library stub for module named "skimage.io"
deskew2.py:3: error: Cannot find implementation or library stub for module named "skimage.filters"
deskew2.py:4: error: Cannot find implementation or library stub for module named "skimage.feature"
deskew2.py:5: error: Cannot find implementation or library stub for module named "skimage.transform"
deskew.py:2: error: Cannot find implementation or library stub for module named "skimage.feature"
deskew.py:2: note: See https://mypy.readthedocs.io/en/stable/running_mypy.html#missing-imports
deskew.py:3: error: Cannot find implementation or library stub for module named "skimage.transform"
deskew.py:4: error: Cannot find implementation or library stub for module named "skimage"
deskew.py:6: error: Cannot find implementation or library stub for module named "skimage.color"
deskew.py:19: error: Argument "key" to "sorted" has incompatible type overloaded function; expected "Callable[[float], Union[SupportsDunderLT, SupportsDunderGT]]"
deskew.py:96: error: Incompatible return value type (got "Tuple[Any, None, None, None]", expected "Tuple[Optional[float], Any, Any, Tuple[Any, Any, Any]]")
Found 30 errors in 5 files (checked 5 source files)

C:\Development\GitHub\Python\Learning>(
pushd 068_Rename_TempBD  
 mypy .  
 popd
) 
common_pdf.py:4: error: Cannot find implementation or library stub for module named "PyPDF2"
common_pdf.py:4: note: See https://mypy.readthedocs.io/en/stable/running_mypy.html#missing-imports
remove_bis.py:26: error: Unsupported operand types for + ("str" and "List[str]")
remove_bis.py:43: error: Argument 4 to "attempt_rename" has incompatible type "str"; expected "List[str]"
remove_bis.py:46: error: Argument 4 to "attempt_rename" has incompatible type "str"; expected "List[str]"
remove_bis.py:46: error: Argument 5 to "attempt_rename" has incompatible type "str"; expected "List[str]"
remove_bis.py:49: error: Argument 4 to "attempt_rename" has incompatible type "str"; expected "List[str]"
remove_bis.py:49: error: Argument 5 to "attempt_rename" has incompatible type "str"; expected "List[str]"
remove_bis.py:49: error: Argument 6 to "attempt_rename" has incompatible type "str"; expected "List[str]"
pdf_same_prefix_page.py:4: error: Cannot find implementation or library stub for module named "PyPDF2"
folders_dist1.py:53: error: Argument 1 to "levenshtein_distance" has incompatible type "str"; expected "List[Any]"
folders_dist1.py:53: error: Argument 2 to "levenshtein_distance" has incompatible type "str"; expected "List[Any]"
delete_size_duplicates.py:28: error: Need type annotation for "dg"
clean_cbrn.py:10: error: Need type annotation for "keepcounter"
clean_cbrn.py:11: error: Need type annotation for "delcounter"
Found 14 errors in 6 files (checked 27 source files)

C:\Development\GitHub\Python\Learning>(
pushd 069_Analyze_Rar  
 mypy .  
 popd
) 

C:\Development\GitHub\Python\Learning>(
pushd 070_Decimal_period  
 mypy .  
 popd
) 
Success: no issues found in 1 source file

C:\Development\GitHub\Python\Learning>(
pushd 071_Get_Movie_Summary  
 mypy .  
 popd
) 
Success: no issues found in 1 source file

C:\Development\GitHub\Python\Learning>(
pushd 072_Tronque_Sonos  
 mypy .  
 popd
) 
Success: no issues found in 1 source file

C:\Development\GitHub\Python\Learning>(
pushd 073_Sector  
 mypy .  
 popd
) 
Success: no issues found in 3 source files

C:\Development\GitHub\Python\Learning>(
pushd 074_Puzzle_Games  
 mypy .  
 popd
) 
Success: no issues found in 3 source files

C:\Development\GitHub\Python\Learning>(
pushd 075_Rename_Retro_Gaming_Books  
 mypy .  
 popd
) 
Success: no issues found in 1 source file

C:\Development\GitHub\Python\Learning>(
pushd 076_tkinter  
 mypy .  
 popd
) 
1.03.py:66: error: Argument 2 to "OptionMenu" has incompatible type "str"; expected "StringVar"
1.03.py:72: error: "Label" has no attribute "image"
1.03.py:90: error: "Label" has no attribute "image"
1.03.py:102: error: Argument "values" to "Spinbox" has incompatible type "Tuple[int, int, int, int, int]"; expected "Union[List[str], Tuple[str, ...]]"
Found 4 errors in 1 file (checked 9 source files)

C:\Development\GitHub\Python\Learning>(
pushd 077_Compare_Books_Size  
 mypy .  
 popd
) 
Success: no issues found in 5 source files

C:\Development\GitHub\Python\Learning>(
pushd 078_Cache_and_WeakRefs  
 mypy .  
 popd
) 
testcache.py:7: error: Skipping analyzing "matplotlib.pyplot": module is installed, but missing library stubs or py.typed marker
testcache.py:7: note: See https://mypy.readthedocs.io/en/stable/running_mypy.html#missing-imports
testcache.py:7: error: Skipping analyzing "matplotlib": module is installed, but missing library stubs or py.typed marker
testcache.py:18: error: Need type annotation for "cache_dic"
testcache.py:20: error: Need type annotation for "cache_que"
Found 4 errors in 1 file (checked 1 source file)

C:\Development\GitHub\Python\Learning>(
pushd 079_Hashable  
 mypy .  
 popd
) 
mutable.py:38: error: "object" has no attribute "__x"
mutable.py:38: error: "object" has no attribute "__y"
mutable.py:111: error: "Vect2D" has no attribute "_Vect2D__x"
mutable.py:112: error: "Vect2D" has no attribute "_Vect2D__x"
Found 4 errors in 1 file (checked 3 source files)

C:\Development\GitHub\Python\Learning>(
pushd 080_Send_more_money  
 mypy .  
 popd
) 
Success: no issues found in 1 source file

C:\Development\GitHub\Python\Learning>(
pushd 081_Charlots_dups  
 mypy .  
 popd
) 
Success: no issues found in 2 source files

C:\Development\GitHub\Python\Learning>(
pushd 082_Deponia_Chess_Solver  
 mypy .  
 popd
) 
Success: no issues found in 1 source file

C:\Development\GitHub\Python\Learning>(
pushd 083_ABC  
 mypy .  
 popd
) 
Success: no issues found in 14 source files

C:\Development\GitHub\Python\Learning>(
pushd 084_Operators  
 mypy .  
 popd
) 
vector_op.py:212: error: Name "__eq__" already defined on line 47
Found 1 error in 1 file (checked 3 source files)

C:\Development\GitHub\Python\Learning>(
pushd 085_Sequence_of_words  
 mypy .  
 popd
) 
seq1.py:35: error: "Sentence" has no attribute "__iter__" (not iterable)
Found 1 error in 1 file (checked 8 source files)

C:\Development\GitHub\Python\Learning>(
pushd 086_KB_Pics  
 mypy .  
 popd
) 
kbpics.py:14: error: Need type annotation for "dc"
Found 1 error in 1 file (checked 2 source files)

C:\Development\GitHub\Python\Learning>(
pushd 087_Coroutines  
 mypy .  
 popd
) 
Success: no issues found in 4 source files

C:\Development\GitHub\Python\Learning>(
pushd 088_Convert_DotNet_projects  
 mypy .  
 popd
) 
convert1.py:29: error: Argument 2 to "convert_folder" has incompatible type "TextIO"; expected "TextIOWrapper"
Found 1 error in 1 file (checked 4 source files)

C:\Development\GitHub\Python\Learning>(
pushd 089_Pipe  
 mypy .  
 popd
) 
test_pipe.py:133: error: Name "test_sort_2" already defined on line 123
Found 1 error in 1 file (checked 2 source files)

C:\Development\GitHub\Python\Learning>(
pushd 090_Concurrency_Futures  
 mypy .  
 popd
) 
getflags.py:5: error: Library stubs not installed for "requests" (or incompatible with Python 3.10)
flags_sequential.py:11: error: Library stubs not installed for "requests" (or incompatible with Python 3.10)
flags_sequential.py:11: note: Hint: "python3 -m pip install types-requests"
flags_sequential.py:11: note: (or run "mypy --install-types" to install all missing stub packages)
flags_sequential.py:11: note: See https://mypy.readthedocs.io/en/stable/running_mypy.html#missing-imports
Found 2 errors in 2 files (checked 4 source files)

C:\Development\GitHub\Python\Learning>(
pushd 091_Cloud_Fonts  
 mypy .  
 popd
) 
Success: no issues found in 1 source file

C:\Development\GitHub\Python\Learning>(
pushd 092_Rename_CPP_Projects  
 mypy .  
 popd
) 
Success: no issues found in 2 source files

C:\Development\GitHub\Python\Learning>(
pushd 093_Fraction_Development  
 mypy .  
 popd
) 
Success: no issues found in 2 source files

C:\Development\GitHub\Python\Learning>(
pushd 093_Restore_Uppercase_Extension  
 mypy .  
 popd
) 
Success: no issues found in 2 source files

C:\Development\GitHub\Python\Learning>(
pushd 094_Delete_Size_Duplicates  
 mypy .  
 popd
) 
Success: no issues found in 3 source files

C:\Development\GitHub\Python\Learning>(
pushd 095_File_Spell_Check  
 mypy .  
 popd
) 
Success: no issues found in 6 source files

C:\Development\GitHub\Python\Learning>(
pushd 096_PriorityQueue  
 mypy .  
 popd
) 
Success: no issues found in 2 source files

C:\Development\GitHub\Python\Learning>(
pushd 097_THS  
 mypy .  
 popd
) 
Success: no issues found in 3 source files

C:\Development\GitHub\Python\Learning>(
pushd 098_Wordle  
 mypy .  
 popd
) 
Success: no issues found in 1 source file

C:\Development\GitHub\Python\Learning>(
pushd 099_Knuth-Morris-Pratt  
 mypy .  
 popd
) 
Success: no issues found in 4 source files

C:\Development\GitHub\Python\Learning>(
pushd 100_Multiplication  
 mypy .  
 popd
) 
Success: no issues found in 7 source files

C:\Development\GitHub\Python\Learning>(
pushd 101_Grid_Shorter_Path  
 mypy .  
 popd
) 
Success: no issues found in 4 source files

C:\Development\GitHub\Python\Learning>(
pushd 102_Game  
 mypy .  
 popd
) 
Success: no issues found in 4 source files

C:\Development\GitHub\Python\Learning>(
pushd 103_Tableaux  
 mypy .  
 popd
) 
Success: no issues found in 2 source files

C:\Development\GitHub\Python\Learning>(
pushd 104_Des_non_transitifs  
 mypy .  
 popd
) 
Success: no issues found in 1 source file
